<?xml version="1.0" encoding="UTF-8"?>
<testng-results ignored="0" total="5" passed="5" failed="0" skipped="0">
  <reporter-output>
  </reporter-output>
  <suite started-at="2024-12-08T18:29:14 IST" name="Default suite" finished-at="2024-12-08T18:29:39 IST" duration-ms="25030">
    <groups>
    </groups>
    <test started-at="2024-12-08T18:29:14 IST" name="Default test" finished-at="2024-12-08T18:29:39 IST" duration-ms="25030">
      <class name="TestNGPackage.LoginPage">
        <test-method signature="loginPage()[pri:1, instance:TestNGPackage.LoginPage@5ab956d7]" started-at="2024-12-08T18:29:14 IST" name="loginPage" finished-at="2024-12-08T18:29:28 IST" duration-ms="13886" status="PASS">
          <reporter-output>
          </reporter-output>
        </test-method> <!-- loginPage -->
        <test-method signature="user_scroll_down()[pri:2, instance:TestNGPackage.LoginPage@5ab956d7]" started-at="2024-12-08T18:29:28 IST" name="user_scroll_down" finished-at="2024-12-08T18:29:31 IST" duration-ms="3054" status="PASS">
          <reporter-output>
          </reporter-output>
        </test-method> <!-- user_scroll_down -->
        <test-method signature="user_enters_credentials()[pri:3, instance:TestNGPackage.LoginPage@5ab956d7]" started-at="2024-12-08T18:29:31 IST" name="user_enters_credentials" finished-at="2024-12-08T18:29:35 IST" duration-ms="3249" status="PASS">
          <reporter-output>
          </reporter-output>
        </test-method> <!-- user_enters_credentials -->
        <test-method signature="submit()[pri:4, instance:TestNGPackage.LoginPage@5ab956d7]" started-at="2024-12-08T18:29:35 IST" name="submit" finished-at="2024-12-08T18:29:39 IST" duration-ms="4557" status="PASS">
          <reporter-output>
          </reporter-output>
        </test-method> <!-- submit -->
        <test-method signature="navigation_to_homePage()[pri:5, instance:TestNGPackage.LoginPage@5ab956d7]" started-at="2024-12-08T18:29:39 IST" name="navigation_to_homePage" finished-at="2024-12-08T18:29:39 IST" duration-ms="222" status="PASS">
          <reporter-output>
          </reporter-output>
        </test-method> <!-- navigation_to_homePage -->
      </class> <!-- TestNGPackage.LoginPage -->
    </test> <!-- Default test -->
  </suite> <!-- Default suite -->
</testng-results>
