<?xml version="1.0" encoding="UTF-8"?>
<!-- Generated by org.testng.reporters.JUnitXMLReporter -->
<testsuite ignored="0" hostname="LIN-1LLYHP3" failures="0" tests="5" name="Test" time="39.791" errors="0" timestamp="2024-11-20T17:21:23 IST">
  <testcase classname="TestNGPackage.LoginPage" name="loginPage" time="26.77"/>
  <testcase classname="TestNGPackage.LoginPage" name="user_scroll_down" time="3.054"/>
  <testcase classname="TestNGPackage.LoginPage" name="user_enters_credentials" time="3.249"/>
  <testcase classname="TestNGPackage.LoginPage" name="submit" time="6.457"/>
  <testcase classname="TestNGPackage.LoginPage" name="navigation_to_homePage" time="0.204"/>
</testsuite> <!-- Test -->
